[35m[Appium][39m Welcome to Appium v1.18.1
[35m[Appium][39m Non-default server args:
[35m[Appium][39m   port: 58381
[35m[Appium][39m   loglevel: info
[35m[Appium][39m   tmpDir: /var/folders/ly/18_lr7hs68b0l4z5y91t584w0000gp/T//Katalon/Appium/Temp1599060136023
[35m[Appium][39m   chromedriverPort: 58382
[35m[Appium][39m Deprecated server args:
[35m[Appium][39m   [31m--chromedriver-port[39m => --default-capabilities '{"chromedriverPort":58382}'
[35m[Appium][39m Default capabilities, which will be added to each request unless overridden by desired capabilities:
[35m[Appium][39m   chromedriverPort: 58382
[35m[Appium][39m Appium REST http interface listener started on 0.0.0.0:58381
[35m[HTTP][39m [37m-->[39m [37mGET[39m [37m/wd/hub/status[39m
[35m[HTTP][39m [90m{}[39m
[35m[HTTP][39m [37m<-- GET /wd/hub/status [39m[32m200[39m [90m4 ms - 68[39m
[35m[HTTP][39m [90m[39m
[35m[HTTP][39m [37m-->[39m [37mGET[39m [37m/wd/hub/status[39m
[35m[HTTP][39m [90m{}[39m
[35m[HTTP][39m [37m<-- GET /wd/hub/status [39m[32m200[39m [90m1 ms - 68[39m
[35m[HTTP][39m [90m[39m
[35m[HTTP][39m [37m-->[39m [37mPOST[39m [37m/wd/hub/session[39m
[35m[HTTP][39m [90m{"desiredCapabilities":{"appActivity":".Settings","appPackage":"com.android.settings","newCommandTimeout":1800,"platformVersion":"10","automationName":"uiautomator2","autoGrantPermissions":true,"platformName":"Android","udid":"RR8M90EDHYN","deviceName":"samsung SM-A507FN (Android 10)","platform":"ANDROID","systemPort":8264},"capabilities":{"firstMatch":[{"appium:appActivity":".Settings","appium:appPackage":"com.android.settings","appium:autoGrantPermissions":true,"appium:automationName":"uiautomator2","appium:deviceName":"samsung SM-A507FN (Android 10)","appium:newCommandTimeout":1800,"platform":"ANDROID","platformName":"android","appium:platformVersion":"10","appium:systemPort":8264,"appium:udid":"RR8M90EDHYN"}]}}[39m
[35m[BaseDriver][39m The following capabilities are not standard capabilities and should have an extension prefix:
[35m[BaseDriver][39m   platform
[35m[BaseDriver][39m   chromedriverPort
[35m[Appium][39m Appium v1.18.1 creating new AndroidUiautomator2Driver (v1.56.1) session
[35m[BaseDriver][39m The following capabilities were provided, but are not recognized by Appium:
[35m[BaseDriver][39m   platform
[35m[BaseDriver][39m Session created with session id: 47bf515d-b4b4-408f-9672-fa2053874aca
[35m[UiAutomator2][39m Starting 'com.android.settings' directly on the device
[35m[ADB][39m Found 1 'build-tools' folders under '/Users/pulseengineering/.katalon/tools/android_sdk' (newest first):
[35m[ADB][39m     /Users/pulseengineering/.katalon/tools/android_sdk/build-tools/29.0.3
[35m[ADB][39m Using 'adb' from '/Users/pulseengineering/.katalon/tools/android_sdk/platform-tools/adb'
[35m[AndroidDriver][39m Retrieving device list
[35m[AndroidDriver][39m Using device: RR8M90EDHYN
[35m[ADB][39m Using 'adb' from '/Users/pulseengineering/.katalon/tools/android_sdk/platform-tools/adb'
[35m[ADB][39m Getting device platform version
[35m[UiAutomator2][39m Relaxing hidden api policy
[35m[AndroidDriver][39m No app sent in, not parsing package/activity
[35m[ADB][39m Using 'apksigner.jar' from '/Users/pulseengineering/.katalon/tools/android_sdk/build-tools/29.0.3/lib/apksigner.jar'
[35m[UiAutomator2][39m Server packages are not going to be (re)installed
[35m[UiAutomator2][39m Starting UIAutomator2 server 4.12.2
[35m[UiAutomator2][39m Using UIAutomator2 server from '/usr/local/lib/node_modules/appium/node_modules/appium-uiautomator2-server/apks/appium-uiautomator2-server-v4.12.2.apk' and test from '/usr/local/lib/node_modules/appium/node_modules/appium-uiautomator2-server/apks/appium-uiautomator2-server-debug-androidTest.apk'
[35m[UiAutomator2][39m Waiting up to 30000ms for UiAutomator2 to be online...
[35m[WD Proxy][39m socket hang up
[35m[WD Proxy][39m socket hang up
[35m[WD Proxy][39m Determined the downstream protocol as 'W3C'
[35m[AndroidDriver][39m Screen already unlocked, doing nothing
[35m[UiAutomator2][39m Starting 'com.android.settings/.Settings and waiting for 'com.android.settings/.Settings'
[35m[Appium][39m New AndroidUiautomator2Driver session created successfully, session 47bf515d-b4b4-408f-9672-fa2053874aca added to master session list
[35m[HTTP][39m [37m<-- POST /wd/hub/session [39m[32m200[39m [90m7267 ms - 1160[39m
[35m[HTTP][39m [90m[39m
[35m[HTTP][39m [37m-->[39m [37mGET[39m [37m/wd/hub/session/47bf515d-b4b4-408f-9672-fa2053874aca[39m
[35m[HTTP][39m [90m{}[39m
[35m[HTTP][39m [37m<-- GET /wd/hub/session/47bf515d-b4b4-408f-9672-fa2053874aca [39m[32m200[39m [90m19 ms - 1114[39m
[35m[HTTP][39m [90m[39m
[35m[HTTP][39m [37m-->[39m [37mGET[39m [37m/wd/hub/session/47bf515d-b4b4-408f-9672-fa2053874aca[39m
[35m[HTTP][39m [90m{}[39m
[35m[HTTP][39m [37m<-- GET /wd/hub/session/47bf515d-b4b4-408f-9672-fa2053874aca [39m[32m200[39m [90m13 ms - 1114[39m
[35m[HTTP][39m [90m[39m
[35m[HTTP][39m [37m-->[39m [37mGET[39m [37m/wd/hub/status[39m
[35m[HTTP][39m [90m{}[39m
[35m[HTTP][39m [37m<-- GET /wd/hub/status [39m[32m200[39m [90m1 ms - 68[39m
[35m[HTTP][39m [90m[39m
[35m[HTTP][39m [37m-->[39m [37mPOST[39m [37m/wd/hub/session/47bf515d-b4b4-408f-9672-fa2053874aca/timeouts[39m
[35m[HTTP][39m [90m{"implicit":60000}[39m
[35m[HTTP][39m [37m<-- POST /wd/hub/session/47bf515d-b4b4-408f-9672-fa2053874aca/timeouts [39m[32m200[39m [90m2 ms - 14[39m
[35m[HTTP][39m [90m[39m
[35m[HTTP][39m [37m-->[39m [37mPOST[39m [37m/wd/hub/session/47bf515d-b4b4-408f-9672-fa2053874aca/appium/device/activate_app[39m
[35m[HTTP][39m [90m{"bundleId":"com.mhealthbank"}[39m
[35m[HTTP][39m [37m<-- POST /wd/hub/session/47bf515d-b4b4-408f-9672-fa2053874aca/appium/device/activate_app [39m[32m200[39m [90m839 ms - 14[39m
[35m[HTTP][39m [90m[39m
[35m[HTTP][39m [37m-->[39m [37mGET[39m [37m/wd/hub/session/47bf515d-b4b4-408f-9672-fa2053874aca/source[39m
[35m[HTTP][39m [90m{}[39m
[35m[W3C (47bf515d)][39m Driver proxy active, passing request on via HTTP proxy
[35m[WD Proxy][39m Replacing sessionId 06d6623e-c0e8-40ca-bc2b-84b4d1d6760e with 47bf515d-b4b4-408f-9672-fa2053874aca
[35m[HTTP][39m [37m<-- GET /wd/hub/session/47bf515d-b4b4-408f-9672-fa2053874aca/source [39m[32m200[39m [90m962 ms - 17106[39m
[35m[HTTP][39m [90m[39m
[35m[HTTP][39m [37m-->[39m [37mGET[39m [37m/wd/hub/session/47bf515d-b4b4-408f-9672-fa2053874aca/screenshot[39m
[35m[HTTP][39m [90m{}[39m
[35m[WD Proxy][39m Got response with status 500: {"sessionId":"06d6623e-c0e8-40ca-bc2b-84b4d1d6760e","value":{"error":"unable to capture screen","message":"Failed to capture a screenshot. Does the current view have 'secure' flag set?","stacktrace":"io.appium.uiautomator2.common.exceptions.TakeScreenshotException: Failed to capture a screenshot. Does the current view have 'secure' flag set?\n\tat io.appium.uiautomator2.utils.ScreenshotHelper.takeDeviceScreenshot(ScreenshotHelper.java:131)\n\tat io.appium.uiautomator2.utils.ScreenshotHelper.takeScreenshot(ScreenshotHelper.java:61)\n\tat io.appium.uiautomator2.utils.ScreenshotHelper.takeScreenshot(ScreenshotHelper.java:79)\n\tat io.appium.uiautomator2.handler.CaptureScreenshot.safeHandle(CaptureScreenshot.java:32)\n\tat io.appium.uiautomator2.handler.request.SafeRequestHandler.handle(SafeRequestHandler.java:41)\n\tat io.appium.uiautomator2.server.AppiumServlet.handleRequest(AppiumServlet.java:253)\n\tat io.appium.uiautomator2.server.AppiumServlet.handleHttpRequest(AppiumServlet.java:247)\n\tat io.appium.uia...
[35m[HTTP][39m [37m<-- GET /wd/hub/session/47bf515d-b4b4-408f-9672-fa2053874aca/screenshot [39m[31m500[39m [90m214 ms - 4082[39m
[35m[HTTP][39m [90m[39m
[35m[HTTP][39m [37m-->[39m [37mGET[39m [37m/wd/hub/session/47bf515d-b4b4-408f-9672-fa2053874aca/source[39m
[35m[HTTP][39m [90m{}[39m
[35m[W3C (47bf515d)][39m Driver proxy active, passing request on via HTTP proxy
[35m[WD Proxy][39m Replacing sessionId 06d6623e-c0e8-40ca-bc2b-84b4d1d6760e with 47bf515d-b4b4-408f-9672-fa2053874aca
[35m[HTTP][39m [37m<-- GET /wd/hub/session/47bf515d-b4b4-408f-9672-fa2053874aca/source [39m[32m200[39m [90m293 ms - 6765[39m
[35m[HTTP][39m [90m[39m
[35m[HTTP][39m [37m-->[39m [37mGET[39m [37m/wd/hub/session/47bf515d-b4b4-408f-9672-fa2053874aca/screenshot[39m
[35m[HTTP][39m [90m{}[39m
[35m[WD Proxy][39m Got response with status 500: {"sessionId":"06d6623e-c0e8-40ca-bc2b-84b4d1d6760e","value":{"error":"unable to capture screen","message":"Failed to capture a screenshot. Does the current view have 'secure' flag set?","stacktrace":"io.appium.uiautomator2.common.exceptions.TakeScreenshotException: Failed to capture a screenshot. Does the current view have 'secure' flag set?\n\tat io.appium.uiautomator2.utils.ScreenshotHelper.takeDeviceScreenshot(ScreenshotHelper.java:131)\n\tat io.appium.uiautomator2.utils.ScreenshotHelper.takeScreenshot(ScreenshotHelper.java:61)\n\tat io.appium.uiautomator2.utils.ScreenshotHelper.takeScreenshot(ScreenshotHelper.java:79)\n\tat io.appium.uiautomator2.handler.CaptureScreenshot.safeHandle(CaptureScreenshot.java:32)\n\tat io.appium.uiautomator2.handler.request.SafeRequestHandler.handle(SafeRequestHandler.java:41)\n\tat io.appium.uiautomator2.server.AppiumServlet.handleRequest(AppiumServlet.java:253)\n\tat io.appium.uiautomator2.server.AppiumServlet.handleHttpRequest(AppiumServlet.java:247)\n\tat io.appium.uia...
[35m[HTTP][39m [37m<-- GET /wd/hub/session/47bf515d-b4b4-408f-9672-fa2053874aca/screenshot [39m[31m500[39m [90m239 ms - 4082[39m
[35m[HTTP][39m [90m[39m
[35m[HTTP][39m [37m-->[39m [37mPOST[39m [37m/wd/hub/session/47bf515d-b4b4-408f-9672-fa2053874aca/elements[39m
[35m[HTTP][39m [90m{"using":"id","value":"android:id/alertTitle"}[39m
[35m[HTTP][39m [37m<-- POST /wd/hub/session/47bf515d-b4b4-408f-9672-fa2053874aca/elements [39m[32m200[39m [90m91 ms - 139[39m
[35m[HTTP][39m [90m[39m
[35m[HTTP][39m [37m-->[39m [37mGET[39m [37m/wd/hub/session/47bf515d-b4b4-408f-9672-fa2053874aca/window/rect[39m
[35m[HTTP][39m [90m{}[39m
[35m[HTTP][39m [37m<-- GET /wd/hub/session/47bf515d-b4b4-408f-9672-fa2053874aca/window/rect [39m[32m200[39m [90m33 ms - 50[39m
[35m[HTTP][39m [90m[39m
[35m[HTTP][39m [37m-->[39m [37mPOST[39m [37m/wd/hub/session/47bf515d-b4b4-408f-9672-fa2053874aca/elements[39m
[35m[HTTP][39m [90m{"using":"id","value":"android:id/alertTitle"}[39m
[35m[HTTP][39m [37m<-- POST /wd/hub/session/47bf515d-b4b4-408f-9672-fa2053874aca/elements [39m[32m200[39m [90m41 ms - 139[39m
[35m[HTTP][39m [90m[39m
[35m[HTTP][39m [37m-->[39m [37mGET[39m [37m/wd/hub/session/47bf515d-b4b4-408f-9672-fa2053874aca/element/a3e39cf6-b1c4-4d66-8888-0f62af2c6e70/location[39m
[35m[HTTP][39m [90m{}[39m
[35m[W3C (47bf515d)][39m Driver proxy active, passing request on via HTTP proxy
[35m[WD Proxy][39m Replacing sessionId 06d6623e-c0e8-40ca-bc2b-84b4d1d6760e with 47bf515d-b4b4-408f-9672-fa2053874aca
[35m[HTTP][39m [37m<-- GET /wd/hub/session/47bf515d-b4b4-408f-9672-fa2053874aca/element/a3e39cf6-b1c4-4d66-8888-0f62af2c6e70/location [39m[32m200[39m [90m37 ms - 78[39m
[35m[HTTP][39m [90m[39m
[35m[HTTP][39m [37m-->[39m [37mGET[39m [37m/wd/hub/session/47bf515d-b4b4-408f-9672-fa2053874aca/element/a3e39cf6-b1c4-4d66-8888-0f62af2c6e70/text[39m
[35m[HTTP][39m [90m{}[39m
[35m[W3C (47bf515d)][39m Driver proxy active, passing request on via HTTP proxy
[35m[WD Proxy][39m Replacing sessionId 06d6623e-c0e8-40ca-bc2b-84b4d1d6760e with 47bf515d-b4b4-408f-9672-fa2053874aca
[35m[HTTP][39m [37m<-- GET /wd/hub/session/47bf515d-b4b4-408f-9672-fa2053874aca/element/a3e39cf6-b1c4-4d66-8888-0f62af2c6e70/text [39m[32m200[39m [90m38 ms - 75[39m
[35m[HTTP][39m [90m[39m
[35m[HTTP][39m [37m-->[39m [37mGET[39m [37m/wd/hub/session/47bf515d-b4b4-408f-9672-fa2053874aca/source[39m
[35m[HTTP][39m [90m{}[39m
[35m[W3C (47bf515d)][39m Driver proxy active, passing request on via HTTP proxy
[35m[WD Proxy][39m Replacing sessionId 06d6623e-c0e8-40ca-bc2b-84b4d1d6760e with 47bf515d-b4b4-408f-9672-fa2053874aca
[35m[HTTP][39m [37m<-- GET /wd/hub/session/47bf515d-b4b4-408f-9672-fa2053874aca/source [39m[32m200[39m [90m307 ms - 6765[39m
[35m[HTTP][39m [90m[39m
[35m[HTTP][39m [37m-->[39m [37mGET[39m [37m/wd/hub/session/47bf515d-b4b4-408f-9672-fa2053874aca/screenshot[39m
[35m[HTTP][39m [90m{}[39m
[35m[WD Proxy][39m Got response with status 500: {"sessionId":"06d6623e-c0e8-40ca-bc2b-84b4d1d6760e","value":{"error":"unable to capture screen","message":"Failed to capture a screenshot. Does the current view have 'secure' flag set?","stacktrace":"io.appium.uiautomator2.common.exceptions.TakeScreenshotException: Failed to capture a screenshot. Does the current view have 'secure' flag set?\n\tat io.appium.uiautomator2.utils.ScreenshotHelper.takeDeviceScreenshot(ScreenshotHelper.java:131)\n\tat io.appium.uiautomator2.utils.ScreenshotHelper.takeScreenshot(ScreenshotHelper.java:61)\n\tat io.appium.uiautomator2.utils.ScreenshotHelper.takeScreenshot(ScreenshotHelper.java:79)\n\tat io.appium.uiautomator2.handler.CaptureScreenshot.safeHandle(CaptureScreenshot.java:32)\n\tat io.appium.uiautomator2.handler.request.SafeRequestHandler.handle(SafeRequestHandler.java:41)\n\tat io.appium.uiautomator2.server.AppiumServlet.handleRequest(AppiumServlet.java:253)\n\tat io.appium.uiautomator2.server.AppiumServlet.handleHttpRequest(AppiumServlet.java:247)\n\tat io.appium.uia...
[35m[HTTP][39m [37m<-- GET /wd/hub/session/47bf515d-b4b4-408f-9672-fa2053874aca/screenshot [39m[31m500[39m [90m231 ms - 4082[39m
[35m[HTTP][39m [90m[39m
[35m[HTTP][39m [37m-->[39m [37mPOST[39m [37m/wd/hub/session/47bf515d-b4b4-408f-9672-fa2053874aca/elements[39m
[35m[HTTP][39m [90m{"using":"id","value":"android:id/message"}[39m
[35m[HTTP][39m [37m<-- POST /wd/hub/session/47bf515d-b4b4-408f-9672-fa2053874aca/elements [39m[32m200[39m [90m90 ms - 139[39m
[35m[HTTP][39m [90m[39m
[35m[HTTP][39m [37m-->[39m [37mGET[39m [37m/wd/hub/session/47bf515d-b4b4-408f-9672-fa2053874aca/window/rect[39m
[35m[HTTP][39m [90m{}[39m
[35m[HTTP][39m [37m<-- GET /wd/hub/session/47bf515d-b4b4-408f-9672-fa2053874aca/window/rect [39m[32m200[39m [90m42 ms - 50[39m
[35m[HTTP][39m [90m[39m
[35m[HTTP][39m [37m-->[39m [37mPOST[39m [37m/wd/hub/session/47bf515d-b4b4-408f-9672-fa2053874aca/elements[39m
[35m[HTTP][39m [90m{"using":"id","value":"android:id/message"}[39m
[35m[HTTP][39m [37m<-- POST /wd/hub/session/47bf515d-b4b4-408f-9672-fa2053874aca/elements [39m[32m200[39m [90m62 ms - 139[39m
[35m[HTTP][39m [90m[39m
[35m[HTTP][39m [37m-->[39m [37mGET[39m [37m/wd/hub/session/47bf515d-b4b4-408f-9672-fa2053874aca/element/de0d7e67-775b-444b-b2df-0d0fecc4dee6/location[39m
[35m[HTTP][39m [90m{}[39m
[35m[W3C (47bf515d)][39m Driver proxy active, passing request on via HTTP proxy
[35m[WD Proxy][39m Replacing sessionId 06d6623e-c0e8-40ca-bc2b-84b4d1d6760e with 47bf515d-b4b4-408f-9672-fa2053874aca
[35m[HTTP][39m [37m<-- GET /wd/hub/session/47bf515d-b4b4-408f-9672-fa2053874aca/element/de0d7e67-775b-444b-b2df-0d0fecc4dee6/location [39m[32m200[39m [90m45 ms - 78[39m
[35m[HTTP][39m [90m[39m
[35m[HTTP][39m [37m-->[39m [37mGET[39m [37m/wd/hub/session/47bf515d-b4b4-408f-9672-fa2053874aca/element/de0d7e67-775b-444b-b2df-0d0fecc4dee6/text[39m
[35m[HTTP][39m [90m{}[39m
[35m[W3C (47bf515d)][39m Driver proxy active, passing request on via HTTP proxy
[35m[WD Proxy][39m Replacing sessionId 06d6623e-c0e8-40ca-bc2b-84b4d1d6760e with 47bf515d-b4b4-408f-9672-fa2053874aca
[35m[HTTP][39m [37m<-- GET /wd/hub/session/47bf515d-b4b4-408f-9672-fa2053874aca/element/de0d7e67-775b-444b-b2df-0d0fecc4dee6/text [39m[32m200[39m [90m37 ms - 83[39m
[35m[HTTP][39m [90m[39m
[35m[HTTP][39m [37m-->[39m [37mGET[39m [37m/wd/hub/session/47bf515d-b4b4-408f-9672-fa2053874aca/source[39m
[35m[HTTP][39m [90m{}[39m
[35m[W3C (47bf515d)][39m Driver proxy active, passing request on via HTTP proxy
[35m[WD Proxy][39m Replacing sessionId 06d6623e-c0e8-40ca-bc2b-84b4d1d6760e with 47bf515d-b4b4-408f-9672-fa2053874aca
[35m[HTTP][39m [37m<-- GET /wd/hub/session/47bf515d-b4b4-408f-9672-fa2053874aca/source [39m[32m200[39m [90m141 ms - 6765[39m
[35m[HTTP][39m [90m[39m
[35m[HTTP][39m [37m-->[39m [37mGET[39m [37m/wd/hub/session/47bf515d-b4b4-408f-9672-fa2053874aca/screenshot[39m
[35m[HTTP][39m [90m{}[39m
[35m[WD Proxy][39m Got response with status 500: {"sessionId":"06d6623e-c0e8-40ca-bc2b-84b4d1d6760e","value":{"error":"unable to capture screen","message":"Failed to capture a screenshot. Does the current view have 'secure' flag set?","stacktrace":"io.appium.uiautomator2.common.exceptions.TakeScreenshotException: Failed to capture a screenshot. Does the current view have 'secure' flag set?\n\tat io.appium.uiautomator2.utils.ScreenshotHelper.takeDeviceScreenshot(ScreenshotHelper.java:131)\n\tat io.appium.uiautomator2.utils.ScreenshotHelper.takeScreenshot(ScreenshotHelper.java:61)\n\tat io.appium.uiautomator2.utils.ScreenshotHelper.takeScreenshot(ScreenshotHelper.java:79)\n\tat io.appium.uiautomator2.handler.CaptureScreenshot.safeHandle(CaptureScreenshot.java:32)\n\tat io.appium.uiautomator2.handler.request.SafeRequestHandler.handle(SafeRequestHandler.java:41)\n\tat io.appium.uiautomator2.server.AppiumServlet.handleRequest(AppiumServlet.java:253)\n\tat io.appium.uiautomator2.server.AppiumServlet.handleHttpRequest(AppiumServlet.java:247)\n\tat io.appium.uia...
[35m[HTTP][39m [37m<-- GET /wd/hub/session/47bf515d-b4b4-408f-9672-fa2053874aca/screenshot [39m[31m500[39m [90m197 ms - 4082[39m
[35m[HTTP][39m [90m[39m
[35m[HTTP][39m [37m-->[39m [37mGET[39m [37m/wd/hub/session/47bf515d-b4b4-408f-9672-fa2053874aca/source[39m
[35m[HTTP][39m [90m{}[39m
[35m[W3C (47bf515d)][39m Driver proxy active, passing request on via HTTP proxy
[35m[WD Proxy][39m Replacing sessionId 06d6623e-c0e8-40ca-bc2b-84b4d1d6760e with 47bf515d-b4b4-408f-9672-fa2053874aca
[35m[HTTP][39m [37m<-- GET /wd/hub/session/47bf515d-b4b4-408f-9672-fa2053874aca/source [39m[32m200[39m [90m301 ms - 6768[39m
[35m[HTTP][39m [90m[39m
[35m[HTTP][39m [37m-->[39m [37mGET[39m [37m/wd/hub/session/47bf515d-b4b4-408f-9672-fa2053874aca/screenshot[39m
[35m[HTTP][39m [90m{}[39m
[35m[WD Proxy][39m Got response with status 500: {"sessionId":"06d6623e-c0e8-40ca-bc2b-84b4d1d6760e","value":{"error":"unable to capture screen","message":"Failed to capture a screenshot. Does the current view have 'secure' flag set?","stacktrace":"io.appium.uiautomator2.common.exceptions.TakeScreenshotException: Failed to capture a screenshot. Does the current view have 'secure' flag set?\n\tat io.appium.uiautomator2.utils.ScreenshotHelper.takeDeviceScreenshot(ScreenshotHelper.java:131)\n\tat io.appium.uiautomator2.utils.ScreenshotHelper.takeScreenshot(ScreenshotHelper.java:61)\n\tat io.appium.uiautomator2.utils.ScreenshotHelper.takeScreenshot(ScreenshotHelper.java:79)\n\tat io.appium.uiautomator2.handler.CaptureScreenshot.safeHandle(CaptureScreenshot.java:32)\n\tat io.appium.uiautomator2.handler.request.SafeRequestHandler.handle(SafeRequestHandler.java:41)\n\tat io.appium.uiautomator2.server.AppiumServlet.handleRequest(AppiumServlet.java:253)\n\tat io.appium.uiautomator2.server.AppiumServlet.handleHttpRequest(AppiumServlet.java:247)\n\tat io.appium.uia...
[35m[HTTP][39m [37m<-- GET /wd/hub/session/47bf515d-b4b4-408f-9672-fa2053874aca/screenshot [39m[31m500[39m [90m228 ms - 4082[39m
[35m[HTTP][39m [90m[39m
[35m[HTTP][39m [37m-->[39m [37mPOST[39m [37m/wd/hub/session/47bf515d-b4b4-408f-9672-fa2053874aca/elements[39m
[35m[HTTP][39m [90m{"using":"id","value":"android:id/alertTitle"}[39m
[35m[HTTP][39m [37m<-- POST /wd/hub/session/47bf515d-b4b4-408f-9672-fa2053874aca/elements [39m[32m200[39m [90m71 ms - 139[39m
[35m[HTTP][39m [90m[39m
[35m[HTTP][39m [37m-->[39m [37mGET[39m [37m/wd/hub/session/47bf515d-b4b4-408f-9672-fa2053874aca/window/rect[39m
[35m[HTTP][39m [90m{}[39m
[35m[HTTP][39m [37m<-- GET /wd/hub/session/47bf515d-b4b4-408f-9672-fa2053874aca/window/rect [39m[32m200[39m [90m42 ms - 50[39m
[35m[HTTP][39m [90m[39m
[35m[HTTP][39m [37m-->[39m [37mPOST[39m [37m/wd/hub/session/47bf515d-b4b4-408f-9672-fa2053874aca/elements[39m
[35m[HTTP][39m [90m{"using":"id","value":"android:id/alertTitle"}[39m
[35m[HTTP][39m [37m<-- POST /wd/hub/session/47bf515d-b4b4-408f-9672-fa2053874aca/elements [39m[32m200[39m [90m75 ms - 139[39m
[35m[HTTP][39m [90m[39m
[35m[HTTP][39m [37m-->[39m [37mGET[39m [37m/wd/hub/session/47bf515d-b4b4-408f-9672-fa2053874aca/element/d6996c65-d1bc-44cf-8a74-4ab448a226b0/location[39m
[35m[HTTP][39m [90m{}[39m
[35m[W3C (47bf515d)][39m Driver proxy active, passing request on via HTTP proxy
[35m[WD Proxy][39m Replacing sessionId 06d6623e-c0e8-40ca-bc2b-84b4d1d6760e with 47bf515d-b4b4-408f-9672-fa2053874aca
[35m[HTTP][39m [37m<-- GET /wd/hub/session/47bf515d-b4b4-408f-9672-fa2053874aca/element/d6996c65-d1bc-44cf-8a74-4ab448a226b0/location [39m[32m200[39m [90m46 ms - 78[39m
[35m[HTTP][39m [90m[39m
[35m[HTTP][39m [37m-->[39m [37mGET[39m [37m/wd/hub/session/47bf515d-b4b4-408f-9672-fa2053874aca/element/d6996c65-d1bc-44cf-8a74-4ab448a226b0/text[39m
[35m[HTTP][39m [90m{}[39m
[35m[W3C (47bf515d)][39m Driver proxy active, passing request on via HTTP proxy
[35m[WD Proxy][39m Replacing sessionId 06d6623e-c0e8-40ca-bc2b-84b4d1d6760e with 47bf515d-b4b4-408f-9672-fa2053874aca
[35m[HTTP][39m [37m<-- GET /wd/hub/session/47bf515d-b4b4-408f-9672-fa2053874aca/element/d6996c65-d1bc-44cf-8a74-4ab448a226b0/text [39m[32m200[39m [90m38 ms - 75[39m
[35m[HTTP][39m [90m[39m
[35m[HTTP][39m [37m-->[39m [37mGET[39m [37m/wd/hub/session/47bf515d-b4b4-408f-9672-fa2053874aca/source[39m
[35m[HTTP][39m [90m{}[39m
[35m[W3C (47bf515d)][39m Driver proxy active, passing request on via HTTP proxy
[35m[WD Proxy][39m Replacing sessionId 06d6623e-c0e8-40ca-bc2b-84b4d1d6760e with 47bf515d-b4b4-408f-9672-fa2053874aca
[35m[HTTP][39m [37m<-- GET /wd/hub/session/47bf515d-b4b4-408f-9672-fa2053874aca/source [39m[32m200[39m [90m289 ms - 6768[39m
[35m[HTTP][39m [90m[39m
[35m[HTTP][39m [37m-->[39m [37mGET[39m [37m/wd/hub/session/47bf515d-b4b4-408f-9672-fa2053874aca/screenshot[39m
[35m[HTTP][39m [90m{}[39m
[35m[WD Proxy][39m Got response with status 500: {"sessionId":"06d6623e-c0e8-40ca-bc2b-84b4d1d6760e","value":{"error":"unable to capture screen","message":"Failed to capture a screenshot. Does the current view have 'secure' flag set?","stacktrace":"io.appium.uiautomator2.common.exceptions.TakeScreenshotException: Failed to capture a screenshot. Does the current view have 'secure' flag set?\n\tat io.appium.uiautomator2.utils.ScreenshotHelper.takeDeviceScreenshot(ScreenshotHelper.java:131)\n\tat io.appium.uiautomator2.utils.ScreenshotHelper.takeScreenshot(ScreenshotHelper.java:61)\n\tat io.appium.uiautomator2.utils.ScreenshotHelper.takeScreenshot(ScreenshotHelper.java:79)\n\tat io.appium.uiautomator2.handler.CaptureScreenshot.safeHandle(CaptureScreenshot.java:32)\n\tat io.appium.uiautomator2.handler.request.SafeRequestHandler.handle(SafeRequestHandler.java:41)\n\tat io.appium.uiautomator2.server.AppiumServlet.handleRequest(AppiumServlet.java:253)\n\tat io.appium.uiautomator2.server.AppiumServlet.handleHttpRequest(AppiumServlet.java:247)\n\tat io.appium.uia...
[35m[HTTP][39m [37m<-- GET /wd/hub/session/47bf515d-b4b4-408f-9672-fa2053874aca/screenshot [39m[31m500[39m [90m225 ms - 4082[39m
[35m[HTTP][39m [90m[39m
[35m[HTTP][39m [37m-->[39m [37mPOST[39m [37m/wd/hub/session/47bf515d-b4b4-408f-9672-fa2053874aca/elements[39m
[35m[HTTP][39m [90m{"using":"id","value":"android:id/message"}[39m
[35m[HTTP][39m [37m<-- POST /wd/hub/session/47bf515d-b4b4-408f-9672-fa2053874aca/elements [39m[32m200[39m [90m74 ms - 139[39m
[35m[HTTP][39m [90m[39m
[35m[HTTP][39m [37m-->[39m [37mGET[39m [37m/wd/hub/session/47bf515d-b4b4-408f-9672-fa2053874aca/window/rect[39m
[35m[HTTP][39m [90m{}[39m
[35m[HTTP][39m [37m<-- GET /wd/hub/session/47bf515d-b4b4-408f-9672-fa2053874aca/window/rect [39m[32m200[39m [90m35 ms - 50[39m
[35m[HTTP][39m [90m[39m
[35m[HTTP][39m [37m-->[39m [37mPOST[39m [37m/wd/hub/session/47bf515d-b4b4-408f-9672-fa2053874aca/elements[39m
[35m[HTTP][39m [90m{"using":"id","value":"android:id/message"}[39m
[35m[HTTP][39m [37m<-- POST /wd/hub/session/47bf515d-b4b4-408f-9672-fa2053874aca/elements [39m[32m200[39m [90m65 ms - 139[39m
[35m[HTTP][39m [90m[39m
[35m[HTTP][39m [37m-->[39m [37mGET[39m [37m/wd/hub/session/47bf515d-b4b4-408f-9672-fa2053874aca/element/3d12282b-4aad-4535-bea4-1b09ca716112/location[39m
[35m[HTTP][39m [90m{}[39m
[35m[W3C (47bf515d)][39m Driver proxy active, passing request on via HTTP proxy
[35m[WD Proxy][39m Replacing sessionId 06d6623e-c0e8-40ca-bc2b-84b4d1d6760e with 47bf515d-b4b4-408f-9672-fa2053874aca
[35m[HTTP][39m [37m<-- GET /wd/hub/session/47bf515d-b4b4-408f-9672-fa2053874aca/element/3d12282b-4aad-4535-bea4-1b09ca716112/location [39m[32m200[39m [90m44 ms - 78[39m
[35m[HTTP][39m [90m[39m
[35m[HTTP][39m [37m-->[39m [37mGET[39m [37m/wd/hub/session/47bf515d-b4b4-408f-9672-fa2053874aca/element/3d12282b-4aad-4535-bea4-1b09ca716112/text[39m
[35m[HTTP][39m [90m{}[39m
[35m[W3C (47bf515d)][39m Driver proxy active, passing request on via HTTP proxy
[35m[WD Proxy][39m Replacing sessionId 06d6623e-c0e8-40ca-bc2b-84b4d1d6760e with 47bf515d-b4b4-408f-9672-fa2053874aca
[35m[HTTP][39m [37m<-- GET /wd/hub/session/47bf515d-b4b4-408f-9672-fa2053874aca/element/3d12282b-4aad-4535-bea4-1b09ca716112/text [39m[32m200[39m [90m26 ms - 86[39m
[35m[HTTP][39m [90m[39m
[35m[HTTP][39m [37m-->[39m [37mGET[39m [37m/wd/hub/session/47bf515d-b4b4-408f-9672-fa2053874aca/source[39m
[35m[HTTP][39m [90m{}[39m
[35m[W3C (47bf515d)][39m Driver proxy active, passing request on via HTTP proxy
[35m[WD Proxy][39m Replacing sessionId 06d6623e-c0e8-40ca-bc2b-84b4d1d6760e with 47bf515d-b4b4-408f-9672-fa2053874aca
[35m[HTTP][39m [37m<-- GET /wd/hub/session/47bf515d-b4b4-408f-9672-fa2053874aca/source [39m[32m200[39m [90m256 ms - 6768[39m
[35m[HTTP][39m [90m[39m
[35m[HTTP][39m [37m-->[39m [37mGET[39m [37m/wd/hub/session/47bf515d-b4b4-408f-9672-fa2053874aca/screenshot[39m
[35m[HTTP][39m [90m{}[39m
[35m[WD Proxy][39m Got response with status 500: {"sessionId":"06d6623e-c0e8-40ca-bc2b-84b4d1d6760e","value":{"error":"unable to capture screen","message":"Failed to capture a screenshot. Does the current view have 'secure' flag set?","stacktrace":"io.appium.uiautomator2.common.exceptions.TakeScreenshotException: Failed to capture a screenshot. Does the current view have 'secure' flag set?\n\tat io.appium.uiautomator2.utils.ScreenshotHelper.takeDeviceScreenshot(ScreenshotHelper.java:131)\n\tat io.appium.uiautomator2.utils.ScreenshotHelper.takeScreenshot(ScreenshotHelper.java:61)\n\tat io.appium.uiautomator2.utils.ScreenshotHelper.takeScreenshot(ScreenshotHelper.java:79)\n\tat io.appium.uiautomator2.handler.CaptureScreenshot.safeHandle(CaptureScreenshot.java:32)\n\tat io.appium.uiautomator2.handler.request.SafeRequestHandler.handle(SafeRequestHandler.java:41)\n\tat io.appium.uiautomator2.server.AppiumServlet.handleRequest(AppiumServlet.java:253)\n\tat io.appium.uiautomator2.server.AppiumServlet.handleHttpRequest(AppiumServlet.java:247)\n\tat io.appium.uia...
[35m[HTTP][39m [37m<-- GET /wd/hub/session/47bf515d-b4b4-408f-9672-fa2053874aca/screenshot [39m[31m500[39m [90m208 ms - 4082[39m
[35m[HTTP][39m [90m[39m
[35m[HTTP][39m [37m-->[39m [37mDELETE[39m [37m/wd/hub/session/47bf515d-b4b4-408f-9672-fa2053874aca[39m
[35m[HTTP][39m [90m{}[39m
[35m[Appium][39m Removing session 47bf515d-b4b4-408f-9672-fa2053874aca from our master session list
[35m[UiAutomator2][39m Restoring hidden api policy to the device default configuration
[35m[HTTP][39m [37m<-- DELETE /wd/hub/session/47bf515d-b4b4-408f-9672-fa2053874aca [39m[32m200[39m [90m379 ms - 14[39m
[35m[HTTP][39m [90m[39m
